2019-04-22 22:29:47 - Pcap is listening...
2019-04-22 22:30:05 - Pcap stop listening
2019-04-22 22:30:05 - path:C:\Users\user\Downloads\cicflowmeter-4\CICFlowMeter-4.0\bin\data\daily\2019-04-22_Flow.csv
2019-04-22 22:30:06 - Pcap is listening...
2019-04-22 22:30:12 - Pcap stop listening
2019-04-22 22:30:12 - path:C:\Users\user\Downloads\cicflowmeter-4\CICFlowMeter-4.0\bin\data\daily\2019-04-22_Flow.csv
2019-04-22 22:30:13 - Pcap is listening...
2019-04-22 22:30:41 - Pcap stop listening
2019-04-22 22:30:41 - path:C:\Users\user\Downloads\cicflowmeter-4\CICFlowMeter-4.0\bin\data\daily\2019-04-22_Flow.csv
2019-04-22 22:32:26 - Pcap is listening...
2019-04-22 22:33:09 - Pcap stop listening
2019-04-22 22:33:09 - path:C:\Users\user\Downloads\cicflowmeter-4\CICFlowMeter-4.0\bin\data\daily\2019-04-22_Flow.csv
2019-04-22 22:44:11 - Pcap is listening...
2019-04-22 22:44:35 - Pcap stop listening
2019-04-22 22:44:35 - path:C:\Users\user\Downloads\cicflowmeter-4\CICFlowMeter-4.0\bin\data\daily\2019-04-22_Flow.csv
2019-04-22 22:45:23 - Please select pcap!
2019-04-22 22:46:55 - Pcap is listening...
2019-04-27 01:51:16 - You select: C:\Users\user\Downloads
2019-04-27 01:51:16 - Out folder: C:\Users\user\Downloads
2019-04-27 01:51:16 - Error while opening file for capture: bad dump file format
2019-04-27 01:51:56 - You select: C:\Users\user\Downloads
2019-04-27 01:51:56 - Out folder: C:\Users\user\Downloads
2019-04-28 16:51:42 - Please select pcap!
2019-04-28 16:52:20 - You select: C:\Users\user\Desktop\prj
2019-04-28 16:52:20 - Out folder: C:\Users\user\Desktop\prj
2019-04-28 16:52:21 - Error while opening file for capture: bad dump file format
2019-04-28 16:57:40 - You select: C:\Users\user\Desktop\prj
2019-04-28 16:57:40 - Out folder: C:\Users\user\Desktop\prj
2019-04-28 16:57:40 - Error while opening file for capture: bad dump file format
2019-04-28 16:57:58 - You select: C:\Users\user\Desktop\prj
2019-04-28 16:57:58 - Out folder: C:\Users\user\Desktop\prj
2019-04-28 16:59:42 - You select: C:\Users\user\Desktop\prj
2019-04-28 16:59:42 - Out folder: C:\Users\user\Desktop\prj
2019-04-28 16:59:43 - Error while opening file for capture: bad dump file format
2019-04-28 17:00:34 - You select: C:\Users\user\Desktop\prj
2019-04-28 17:00:34 - Out folder: C:\Users\user\Desktop\prj
2019-04-28 17:00:34 - Error while opening file for capture: bad dump file format
2019-04-28 17:27:21 - You select: C:\Users\user\Desktop\prj
2019-04-28 17:27:21 - Out folder: C:\Users\user\Desktop\prj
2019-04-28 18:14:05 - You select: C:/Users/user/Desktop/prj/livepcap
2019-04-28 18:14:05 - Out folder: C:/Users/user/Desktop/prj/livedata
2019-04-28 18:16:00 - You select: C:/Users/user/Desktop/prj/livepcap
2019-04-28 18:16:00 - Out folder: C:/Users/user/Desktop/prj/livedata
2019-04-28 18:32:58 - You select: C:\Users\user\Desktop\prj
2019-04-28 18:32:58 - Out folder: C:\Users\user\Desktop\prj
2019-04-28 18:32:59 - Error while opening file for capture: bad dump file format
2019-04-28 18:38:38 - You select: C:/Users/user/Desktop/prj/livepcap
2019-04-28 18:38:38 - Out folder: C:/Users/user/Desktop/prj/livedata
2019-04-28 18:42:08 - You select: C:/Users/user/Desktop/prj/livepcap
2019-04-28 18:42:08 - Out folder: C:/Users/user/Desktop/prj/livedata
2019-04-28 18:44:32 - You select: C:/Users/user/Desktop/prj/livepcap
2019-04-28 18:44:32 - Out folder: C:/Users/user/Desktop/prj/livedata
2019-04-28 19:21:06 - You select: C:/Users/user/Desktop/prj/livepcap
2019-04-28 19:21:06 - Out folder: C:/Users/user/Desktop/prj/livedata
2019-04-28 20:10:45 - You select: C:/Users/user/Desktop/prj/livepcap
2019-04-28 20:10:45 - Out folder: C:/Users/user/Desktop/prj/livedata
2019-05-01 23:17:47 - You select: C:/Users/user/Desktop/prj/livepcap
2019-05-01 23:17:47 - Out folder: C:/Users/user/Desktop/prj/livedata
2019-05-01 23:18:21 - You select: C:/Users/user/Desktop/prj/livepcap
2019-05-01 23:18:21 - Out folder: C:/Users/user/Desktop/prj/livedata
2019-05-02 21:47:47 - You select: C:/Users/user/Desktop/prj/livepcap
2019-05-02 21:47:47 - Out folder: C:/Users/user/Desktop/prj/livedata
2019-05-02 21:48:55 - You select: C:/Users/user/Desktop/prj/livepcap
2019-05-02 21:48:55 - Out folder: C:/Users/user/Desktop/prj/livedata
2019-05-02 21:49:57 - You select: C:/Users/user/Desktop/prj/livepcap
2019-05-02 21:49:57 - Out folder: C:/Users/user/Desktop/prj/livedata
2019-05-02 21:50:20 - You select: C:/Users/user/Desktop/prj/livepcap
2019-05-02 21:50:20 - Out folder: C:/Users/user/Desktop/prj/livedata
2019-05-02 21:50:59 - You select: C:/Users/user/Desktop/prj/livepcap
2019-05-02 21:50:59 - Out folder: C:/Users/user/Desktop/prj/livedata
2019-05-02 23:04:51 - You select: C:/Users/user/Desktop/prj/livepcap
2019-05-02 23:04:51 - Out folder: C:/Users/user/Desktop/prj/livedata
2019-05-02 23:05:31 - You select: C:/Users/user/Desktop/prj/livepcap
2019-05-02 23:05:31 - Out folder: C:/Users/user/Desktop/prj/livedata
2019-05-02 23:12:48 - You select: C:/Users/user/Desktop/prj/livepcap
2019-05-02 23:12:48 - Out folder: C:/Users/user/Desktop/prj/livedata
2019-05-02 23:36:44 - You select: C:/Users/user/Desktop/prj/livepcap
2019-05-02 23:36:44 - Out folder: C:/Users/user/Desktop/prj/livedata
2019-05-03 00:11:48 - You select: C:/Users/user/Desktop/prj/livepcap
2019-05-03 00:11:48 - Out folder: C:/Users/user/Desktop/prj/livedata
2019-05-03 00:42:53 - You select: C:/Users/user/Desktop/prj/livepcap
2019-05-03 00:42:53 - Out folder: C:/Users/user/Desktop/prj/livedata
2019-05-03 00:48:07 - You select: C:/Users/user/Desktop/prj/livepcap
2019-05-03 00:48:07 - Out folder: C:/Users/user/Desktop/prj/livedata
2019-05-03 03:08:38 - You select: C:/Users/user/Desktop/prj/livepcap
2019-05-03 03:08:38 - Out folder: C:/Users/user/Desktop/prj/livedata
2019-05-03 09:05:12 - You select: C:/Users/user/Desktop/prj/livepcap
2019-05-03 09:05:12 - Out folder: C:/Users/user/Desktop/prj/livedata
2019-05-03 09:06:28 - You select: C:/Users/user/Desktop/prj/livepcap
2019-05-03 09:06:28 - Out folder: C:/Users/user/Desktop/prj/livedata
2019-05-03 09:07:36 - You select: C:/Users/user/Desktop/prj/livepcap
2019-05-03 09:07:36 - Out folder: C:/Users/user/Desktop/prj/livedata
2019-05-03 09:08:24 - You select: C:/Users/user/Desktop/prj/livepcap
2019-05-03 09:08:24 - Out folder: C:/Users/user/Desktop/prj/livedata
2019-05-03 09:09:47 - You select: C:/Users/user/Desktop/prj/livepcap
2019-05-03 09:09:47 - Out folder: C:/Users/user/Desktop/prj/livedata
2019-05-03 09:11:25 - You select: C:/Users/user/Desktop/prj/livepcap
2019-05-03 09:11:25 - Out folder: C:/Users/user/Desktop/prj/livedata
2019-05-03 12:13:03 - You select: C:/Users/user/Desktop/prj/livepcap
2019-05-03 12:13:03 - Out folder: C:/Users/user/Desktop/prj/livedata
2019-05-03 12:14:12 - You select: C:/Users/user/Desktop/prj/livepcap
2019-05-03 12:14:12 - Out folder: C:/Users/user/Desktop/prj/livedata
2019-05-03 12:14:49 - You select: C:/Users/user/Desktop/prj/livepcap
2019-05-03 12:14:49 - Out folder: C:/Users/user/Desktop/prj/livedata
2019-05-03 12:15:30 - You select: C:/Users/user/Desktop/prj/livepcap
2019-05-03 12:15:30 - Out folder: C:/Users/user/Desktop/prj/livedata
2019-05-03 12:16:06 - You select: C:/Users/user/Desktop/prj/livepcap
2019-05-03 12:16:06 - Out folder: C:/Users/user/Desktop/prj/livedata
2019-05-03 12:17:30 - You select: C:/Users/user/Desktop/prj/livepcap
2019-05-03 12:17:30 - Out folder: C:/Users/user/Desktop/prj/livedata
2019-05-03 12:18:13 - You select: C:/Users/user/Desktop/prj/livepcap
2019-05-03 12:18:13 - Out folder: C:/Users/user/Desktop/prj/livedata
2019-05-03 12:21:34 - You select: C:/Users/user/Desktop/prj/livepcap
2019-05-03 12:21:34 - Out folder: C:/Users/user/Desktop/prj/livedata
2019-05-03 12:22:52 - You select: C:/Users/user/Desktop/prj/livepcap
2019-05-03 12:22:52 - Out folder: C:/Users/user/Desktop/prj/livedata
2019-05-03 12:27:04 - You select: C:/Users/user/Desktop/prj/livepcap
2019-05-03 12:27:04 - Out folder: C:/Users/user/Desktop/prj/livedata
2019-05-03 12:28:42 - You select: C:/Users/user/Desktop/prj/livepcap
2019-05-03 12:28:42 - Out folder: C:/Users/user/Desktop/prj/livedata
2019-05-03 12:29:24 - You select: C:/Users/user/Desktop/prj/livepcap
2019-05-03 12:29:24 - Out folder: C:/Users/user/Desktop/prj/livedata
2019-05-03 12:30:29 - You select: C:/Users/user/Desktop/prj/livepcap
2019-05-03 12:30:29 - Out folder: C:/Users/user/Desktop/prj/livedata
2019-05-03 13:01:03 - You select: C:/Users/user/Desktop/prj/livepcap
2019-05-03 13:01:03 - Out folder: C:/Users/user/Desktop/prj/livedata
2019-05-03 13:13:33 - You select: C:/Users/user/Desktop/prj/livepcap
2019-05-03 13:13:33 - Out folder: C:/Users/user/Desktop/prj/livedata
2019-05-03 13:14:41 - You select: C:/Users/user/Desktop/prj/livepcap
2019-05-03 13:14:41 - Out folder: C:/Users/user/Desktop/prj/livedata
2019-05-03 13:44:16 - You select: C:/Users/user/Desktop/prj/livepcap
2019-05-03 13:44:16 - Out folder: C:/Users/user/Desktop/prj/livedata
2019-05-03 13:45:10 - You select: C:/Users/user/Desktop/prj/livepcap
2019-05-03 13:45:10 - Out folder: C:/Users/user/Desktop/prj/livedata
2019-05-03 13:46:06 - You select: C:/Users/user/Desktop/prj/livepcap
2019-05-03 13:46:06 - Out folder: C:/Users/user/Desktop/prj/livedata
